*** Using Compiler 'V5.06 update 7 (build 960)', folder: 'G:\KEIL\ARM\ARMCC\Bin'
Build target 'BIAI_UFO'
compiling main.c...
..\User\main.c(137): warning:  #550-D: variable "status"  was set but never used
  	HAL_StatusTypeDef status;
..\User\main.c(191): warning:  #167-D: argument of type "volatile uint8_t *" is incompatible with parameter of type "uint8_t *"
    HAL_UART_Receive_IT(&huart3, &td5322a_struct.data, 1); 
..\User\main.c(175): warning:  #177-D: variable "data_buffer"  was declared but never referenced
  	uint8_t data_buffer[20] ={0};
..\User\main.c(176): warning:  #550-D: variable "uart_data_buffer"  was set but never used
  	uint32_t uart_data_buffer =0x55;
..\User\main.c(421): warning:  #167-D: argument of type "volatile uint8_t *" is incompatible with parameter of type "uint8_t *"
  	HAL_UART_Receive_IT(&huart3, &td5322a_struct.data, 1); 
..\User\main.c(403): warning:  #177-D: variable "data_buffer"  was declared but never referenced
     uint8_t data_buffer[20] ={0};
..\User\main.c(404): warning:  #550-D: variable "uart_data_buffer"  was set but never used
     uint32_t uart_data_buffer =0x55;
..\User\main.c(495): warning:  #177-D: variable "uart_test_flg"  was declared but never referenced
  	static uint8_t uart_test_flg =0;
..\User\main.c: 8 warnings, 0 errors
linking...
Program Size: Code=54568 RO-data=1684 RW-data=1192 ZI-data=10008  
FromELF: creating hex file...
After Build - User command #1: fromelf --bin -o "..\output\BIAI_UFO_APP.bin" "..\output\BIAI_UFO_APP.axf"
"..\output\BIAI_UFO_APP.axf" - 0 Error(s), 8 Warning(s).
Build Time Elapsed:  00:00:09
